<?xml version="1.0" encoding="UTF-8"?>
<!-- Generated by org.testng.reporters.JUnitReportReporter -->
<testsuite hostname="REM-LT-210419C" failures="0" tests="1" name="testing.ExecutionClass" time="4.390" errors="0" timestamp="24 May 2021 19:19:42 GMT" skipped="0">
  <testcase classname="testing.ExecutionClass" name="facebookCheck" time="4.390"/>
</testsuite> <!-- testing.ExecutionClass -->
